[debug] [2019-11-05T21:06:05.606Z] ----------------------------------------------------------------------
[debug] [2019-11-05T21:06:05.609Z] Command:       C:\Program Files\nodejs\node.exe C:\Users\Veronica\AppData\Roaming\npm\node_modules\firebase-tools\lib\bin\firebase.js serve
[debug] [2019-11-05T21:06:05.610Z] CLI Version:   7.6.2
[debug] [2019-11-05T21:06:05.610Z] Platform:      win32
[debug] [2019-11-05T21:06:05.610Z] Node Version:  v12.8.0
[debug] [2019-11-05T21:06:05.611Z] Time:          Tue Nov 05 2019 18:06:05 GMT-0300 (GMT-03:00)
[debug] [2019-11-05T21:06:05.612Z] ----------------------------------------------------------------------
[debug] [2019-11-05T21:06:05.612Z] 
[debug] [2019-11-05T21:06:05.622Z] > command requires scopes: ["email","openid","https://www.googleapis.com/auth/cloudplatformprojects.readonly","https://www.googleapis.com/auth/firebase","https://www.googleapis.com/auth/cloud-platform"]
[debug] [2019-11-05T21:06:05.622Z] > authorizing via signed-in user
[debug] [2019-11-05T21:06:05.622Z] [iam] checking project red-social-5997c for permissions ["firebase.projects.get"]
[debug] [2019-11-05T21:06:05.625Z] >>> HTTP REQUEST POST https://cloudresourcemanager.googleapis.com/v1/projects/red-social-5997c:testIamPermissions  

[debug] [2019-11-05T21:06:06.764Z] <<< HTTP RESPONSE 200
[debug] [2019-11-05T21:06:06.770Z] >>> HTTP REQUEST GET https://firebase.googleapis.com/v1beta1/projects/red-social-5997c  
 
[debug] [2019-11-05T21:06:08.013Z] <<< HTTP RESPONSE 200
[info] 
[info] === Serving from 'C:\Users\Veronica\Desktop\SCL011-Social-Network'...
[info] 
[debug] [2019-11-05T21:06:08.031Z] >>> HTTP REQUEST GET https://firebase.googleapis.com/v1beta1/projects/red-social-5997c/webApps/-/config  
 
[debug] [2019-11-05T21:06:09.579Z] <<< HTTP RESPONSE 200
[info] i  hosting: Serving hosting files from: public
[info] +  hosting: Local server: http://localhost:5000
